<?xml version="1.0" encoding="UTF-8"?>
<testsuites name="jest tests" tests="10" failures="0" errors="0" time="8.258">
  <testsuite name="undefined" errors="0" failures="0" skipped="0" timestamp="2021-10-22T10:45:57" time="2.286" tests="2">
    <testcase classname=" Dark Mode Toggle changes theme in local storage" name=" Dark Mode Toggle changes theme in local storage" time="0.052">
    </testcase>
    <testcase classname=" Dark Mode Toggle only has one icon showing at a time" name=" Dark Mode Toggle only has one icon showing at a time" time="0.04">
    </testcase>
  </testsuite>
  <testsuite name="undefined" errors="0" failures="0" skipped="0" timestamp="2021-10-22T10:45:57" time="2.545" tests="3">
    <testcase classname=" Profile Icon renders an image" name=" Profile Icon renders an image" time="0.201">
    </testcase>
    <testcase classname=" Profile Icon renders Navigation menu when clicked" name=" Profile Icon renders Navigation menu when clicked" time="0.144">
    </testcase>
    <testcase classname=" Profile Icon closes Navigation menu when clicked again" name=" Profile Icon closes Navigation menu when clicked again" time="0.024">
    </testcase>
  </testsuite>
  <testsuite name="undefined" errors="0" failures="0" skipped="0" timestamp="2021-10-22T10:45:57" time="2.685" tests="1">
    <testcase classname=" render input field component" name=" render input field component" time="0.125">
    </testcase>
  </testsuite>
  <testsuite name="undefined" errors="0" failures="0" skipped="0" timestamp="2021-10-22T10:45:57" time="2.725" tests="3">
    <testcase classname=" Contacts View Button has Groups and Contacts buttons" name=" Contacts View Button has Groups and Contacts buttons" time="0.079">
    </testcase>
    <testcase classname=" Clicking on Contacts button redirects to contacts page" name=" Clicking on Contacts button redirects to contacts page" time="0.027">
    </testcase>
    <testcase classname=" Clicking on Groups button redirects to groups page" name=" Clicking on Groups button redirects to groups page" time="0.019">
    </testcase>
  </testsuite>
  <testsuite name="undefined" errors="0" failures="0" skipped="0" timestamp="2021-10-22T10:45:57" time="6.642" tests="1">
    <testcase classname=" Renders enter email page upon opening App" name=" Renders enter email page upon opening App" time="0.107">
    </testcase>
  </testsuite>
</testsuites>