<?xml version="1.0" encoding="UTF-8"?>
<testsuites name="jest tests" tests="4" failures="0" errors="0" time="6.283">
  <testsuite name="undefined" errors="0" failures="0" skipped="0" timestamp="2021-10-22T09:51:11" time="1.563" tests="1">
    <testcase classname=" render input field component" name=" render input field component" time="0.103">
    </testcase>
  </testsuite>
  <testsuite name="undefined" errors="0" failures="0" skipped="0" timestamp="2021-10-22T09:51:11" time="1.651" tests="2">
    <testcase classname=" dark mode toggle changes theme in local storage" name=" dark mode toggle changes theme in local storage" time="0.05">
    </testcase>
    <testcase classname=" dark mode toggle only has one icon showing at a time" name=" dark mode toggle only has one icon showing at a time" time="0.006">
    </testcase>
  </testsuite>
  <testsuite name="undefined" errors="0" failures="0" skipped="0" timestamp="2021-10-22T09:51:11" time="5.323" tests="1">
    <testcase classname=" renders enter email page" name=" renders enter email page" time="0.101">
    </testcase>
  </testsuite>
</testsuites>