<?xml version="1.0" encoding="UTF-8"?>
<testsuites name="jest tests" tests="7" failures="0" errors="0" time="7.439">
  <testsuite name="undefined" errors="0" failures="0" skipped="0" timestamp="2021-10-22T10:04:00" time="1.744" tests="2">
    <testcase classname=" dark mode toggle changes theme in local storage" name=" dark mode toggle changes theme in local storage" time="0.066">
    </testcase>
    <testcase classname=" dark mode toggle only has one icon showing at a time" name=" dark mode toggle only has one icon showing at a time" time="0.009">
    </testcase>
  </testsuite>
  <testsuite name="undefined" errors="0" failures="0" skipped="0" timestamp="2021-10-22T10:04:00" time="1.881" tests="1">
    <testcase classname=" render input field component" name=" render input field component" time="0.126">
    </testcase>
  </testsuite>
  <testsuite name="undefined" errors="0" failures="0" skipped="0" timestamp="2021-10-22T10:04:00" time="2.245" tests="3">
    <testcase classname=" Profile Icon renders an image" name=" Profile Icon renders an image" time="0.108">
    </testcase>
    <testcase classname=" Profile Icon renders Navigation menu when clicked" name=" Profile Icon renders Navigation menu when clicked" time="0.11">
    </testcase>
    <testcase classname=" Profile Icon closes Navigation menu when clicked again" name=" Profile Icon closes Navigation menu when clicked again" time="0.021">
    </testcase>
  </testsuite>
  <testsuite name="undefined" errors="0" failures="0" skipped="0" timestamp="2021-10-22T10:04:00" time="6.19" tests="1">
    <testcase classname=" renders enter email page" name=" renders enter email page" time="0.101">
    </testcase>
  </testsuite>
</testsuites>