<?xml version="1.0" encoding="UTF-8"?>
<testsuites name="jest tests" tests="2" failures="0" errors="0" time="7.087">
  <testsuite name="undefined" errors="0" failures="0" skipped="0" timestamp="2021-10-22T08:35:07" time="1.574" tests="1">
    <testcase classname=" render input field component" name=" render input field component" time="0.13">
    </testcase>
  </testsuite>
  <testsuite name="undefined" errors="0" failures="0" skipped="0" timestamp="2021-10-22T08:35:07" time="6.063" tests="1">
    <testcase classname=" renders enter email page" name=" renders enter email page" time="0.107">
    </testcase>
  </testsuite>
</testsuites>